2025-08-20T20:43:32.847+05:30  INFO 436 --- [MainProject] [restartedMain] c.L.MainProject.MainProjectApplication   : Starting MainProjectApplication using Java 17.0.12 with PID 436 (C:\Users\AMINA\Documents\Lost&Found\MainProject\target\classes started by AMINA in C:\Users\AMINA\Documents\Lost&Found\MainProject)
2025-08-20T20:43:32.850+05:30  INFO 436 --- [MainProject] [restartedMain] c.L.MainProject.MainProjectApplication   : No active profile set, falling back to 1 default profile: "default"
2025-08-20T20:43:32.896+05:30  INFO 436 --- [MainProject] [restartedMain] .e.DevToolsPropertyDefaultsPostProcessor : Devtools property defaults active! Set 'spring.devtools.add-properties' to 'false' to disable
2025-08-20T20:43:32.896+05:30  INFO 436 --- [MainProject] [restartedMain] .e.DevToolsPropertyDefaultsPostProcessor : For additional web related logging consider setting the 'logging.level.web' property to 'DEBUG'
2025-08-20T20:43:33.508+05:30  INFO 436 --- [MainProject] [restartedMain] .s.d.r.c.RepositoryConfigurationDelegate : Bootstrapping Spring Data JPA repositories in DEFAULT mode.
2025-08-20T20:43:33.564+05:30  INFO 436 --- [MainProject] [restartedMain] .s.d.r.c.RepositoryConfigurationDelegate : Finished Spring Data repository scanning in 47 ms. Found 4 JPA repository interfaces.
2025-08-20T20:43:34.025+05:30  INFO 436 --- [MainProject] [restartedMain] o.s.b.w.embedded.tomcat.TomcatWebServer  : Tomcat initialized with port 8080 (http)
2025-08-20T20:43:34.037+05:30  INFO 436 --- [MainProject] [restartedMain] o.apache.catalina.core.StandardService   : Starting service [Tomcat]
2025-08-20T20:43:34.037+05:30  INFO 436 --- [MainProject] [restartedMain] o.apache.catalina.core.StandardEngine    : Starting Servlet engine: [Apache Tomcat/10.1.40]
2025-08-20T20:43:34.075+05:30  INFO 436 --- [MainProject] [restartedMain] o.a.c.c.C.[Tomcat].[localhost].[/]       : Initializing Spring embedded WebApplicationContext
2025-08-20T20:43:34.075+05:30  INFO 436 --- [MainProject] [restartedMain] w.s.c.ServletWebServerApplicationContext : Root WebApplicationContext: initialization completed in 1179 ms
2025-08-20T20:43:34.180+05:30  INFO 436 --- [MainProject] [restartedMain] o.hibernate.jpa.internal.util.LogHelper  : HHH000204: Processing PersistenceUnitInfo [name: default]
2025-08-20T20:43:34.235+05:30  INFO 436 --- [MainProject] [restartedMain] org.hibernate.Version                    : HHH000412: Hibernate ORM core version 6.6.13.Final
2025-08-20T20:43:34.265+05:30  INFO 436 --- [MainProject] [restartedMain] o.h.c.internal.RegionFactoryInitiator    : HHH000026: Second-level cache disabled
2025-08-20T20:43:34.507+05:30  INFO 436 --- [MainProject] [restartedMain] o.s.o.j.p.SpringPersistenceUnitInfo      : No LoadTimeWeaver setup: ignoring JPA class transformer
2025-08-20T20:43:34.530+05:30  INFO 436 --- [MainProject] [restartedMain] com.zaxxer.hikari.HikariDataSource       : HikariPool-1 - Starting...
2025-08-20T20:43:34.861+05:30  INFO 436 --- [MainProject] [restartedMain] com.zaxxer.hikari.pool.HikariPool        : HikariPool-1 - Added connection com.mysql.cj.jdbc.ConnectionImpl@5672ade2
2025-08-20T20:43:34.865+05:30  INFO 436 --- [MainProject] [restartedMain] com.zaxxer.hikari.HikariDataSource       : HikariPool-1 - Start completed.
2025-08-20T20:43:34.935+05:30  WARN 436 --- [MainProject] [restartedMain] org.hibernate.orm.deprecation            : HHH90000025: MySQL8Dialect does not need to be specified explicitly using 'hibernate.dialect' (remove the property setting and it will be selected by default)
2025-08-20T20:43:34.936+05:30  WARN 436 --- [MainProject] [restartedMain] org.hibernate.orm.deprecation            : HHH90000026: MySQL8Dialect has been deprecated; use org.hibernate.dialect.MySQLDialect instead
2025-08-20T20:43:34.953+05:30  INFO 436 --- [MainProject] [restartedMain] org.hibernate.orm.connections.pooling    : HHH10001005: Database info:
	Database JDBC URL [Connecting through datasource 'HikariDataSource (HikariPool-1)']
	Database driver: undefined/unknown
	Database version: 8.0
	Autocommit mode: undefined/unknown
	Isolation level: undefined/unknown
	Minimum pool size: undefined/unknown
	Maximum pool size: undefined/unknown
2025-08-20T20:43:35.710+05:30  INFO 436 --- [MainProject] [restartedMain] o.h.e.t.j.p.i.JtaPlatformInitiator       : HHH000489: No JTA platform available (set 'hibernate.transaction.jta.platform' to enable JTA platform integration)
2025-08-20T20:43:35.830+05:30  INFO 436 --- [MainProject] [restartedMain] j.LocalContainerEntityManagerFactoryBean : Initialized JPA EntityManagerFactory for persistence unit 'default'
2025-08-20T20:43:36.182+05:30  INFO 436 --- [MainProject] [restartedMain] eAuthenticationProviderManagerConfigurer : Global AuthenticationManager configured with AuthenticationProvider bean with name daoAuthenticationProvider
2025-08-20T20:43:36.182+05:30  WARN 436 --- [MainProject] [restartedMain] r$InitializeUserDetailsManagerConfigurer : Global AuthenticationManager configured with an AuthenticationProvider bean. UserDetailsService beans will not be used by Spring Security for automatically configuring username/password login. Consider removing the AuthenticationProvider bean. Alternatively, consider using the UserDetailsService in a manually instantiated DaoAuthenticationProvider. If the current configuration is intentional, to turn off this warning, increase the logging level of 'org.springframework.security.config.annotation.authentication.configuration.InitializeUserDetailsBeanManagerConfigurer' to ERROR
2025-08-20T20:43:36.356+05:30  WARN 436 --- [MainProject] [restartedMain] JpaBaseConfiguration$JpaWebConfiguration : spring.jpa.open-in-view is enabled by default. Therefore, database queries may be performed during view rendering. Explicitly configure spring.jpa.open-in-view to disable this warning
2025-08-20T20:43:36.782+05:30  INFO 436 --- [MainProject] [restartedMain] o.s.b.d.a.OptionalLiveReloadServer       : LiveReload server is running on port 35729
2025-08-20T20:43:36.798+05:30  INFO 436 --- [MainProject] [restartedMain] o.s.m.s.b.SimpleBrokerMessageHandler     : Starting...
2025-08-20T20:43:36.799+05:30  INFO 436 --- [MainProject] [restartedMain] o.s.m.s.b.SimpleBrokerMessageHandler     : BrokerAvailabilityEvent[available=true, SimpleBrokerMessageHandler [org.springframework.messaging.simp.broker.DefaultSubscriptionRegistry@bac1c51]]
2025-08-20T20:43:36.800+05:30  INFO 436 --- [MainProject] [restartedMain] o.s.m.s.b.SimpleBrokerMessageHandler     : Started.
2025-08-20T20:43:36.820+05:30  INFO 436 --- [MainProject] [restartedMain] o.s.b.w.embedded.tomcat.TomcatWebServer  : Tomcat started on port 8080 (http) with context path '/'
2025-08-20T20:43:36.825+05:30  INFO 436 --- [MainProject] [restartedMain] c.L.MainProject.MainProjectApplication   : Started MainProjectApplication in 4.392 seconds (process running for 5.046)
2025-08-20T20:44:36.817+05:30  INFO 436 --- [MainProject] [MessageBroker-1] o.s.w.s.c.WebSocketMessageBrokerStats    : WebSocketSession[0 current WS(0)-HttpStream(0)-HttpPoll(0), 0 total, 0 closed abnormally (0 connect failure, 0 send limit, 0 transport error)], stompSubProtocol[processed CONNECT(0)-CONNECTED(0)-DISCONNECT(0)], stompBrokerRelay[null], inboundChannel[pool size = 0, active threads = 0, queued tasks = 0, completed tasks = 0], outboundChannel[pool size = 0, active threads = 0, queued tasks = 0, completed tasks = 0], sockJsScheduler[pool size = 1, active threads = 1, queued tasks = 0, completed tasks = 0]
2025-08-20T20:45:45.788+05:30  INFO 436 --- [MainProject] [http-nio-8080-exec-1] o.a.c.c.C.[Tomcat].[localhost].[/]       : Initializing Spring DispatcherServlet 'dispatcherServlet'
2025-08-20T20:45:45.789+05:30  INFO 436 --- [MainProject] [http-nio-8080-exec-1] o.s.web.servlet.DispatcherServlet        : Initializing Servlet 'dispatcherServlet'
2025-08-20T20:45:45.826+05:30  INFO 436 --- [MainProject] [http-nio-8080-exec-1] o.s.web.servlet.DispatcherServlet        : Completed initialization in 37 ms
2025-08-20T20:54:31.616+05:30  INFO 436 --- [MainProject] [RMI TCP Connection(17)-127.0.0.1] inMXBeanRegistrar$SpringApplicationAdmin : Application shutdown requested.
2025-08-20T20:54:31.629+05:30  INFO 436 --- [MainProject] [RMI TCP Connection(17)-127.0.0.1] o.s.b.w.e.tomcat.GracefulShutdown        : Commencing graceful shutdown. Waiting for active requests to complete
2025-08-20T20:54:31.854+05:30  INFO 436 --- [MainProject] [tomcat-shutdown] o.s.b.w.e.tomcat.GracefulShutdown        : Graceful shutdown complete
2025-08-20T20:54:31.860+05:30  INFO 436 --- [MainProject] [RMI TCP Connection(17)-127.0.0.1] o.s.m.s.b.SimpleBrokerMessageHandler     : Stopping...
2025-08-20T20:54:31.861+05:30  INFO 436 --- [MainProject] [RMI TCP Connection(17)-127.0.0.1] o.s.m.s.b.SimpleBrokerMessageHandler     : BrokerAvailabilityEvent[available=false, SimpleBrokerMessageHandler [org.springframework.messaging.simp.broker.DefaultSubscriptionRegistry@bac1c51]]
2025-08-20T20:54:31.861+05:30  INFO 436 --- [MainProject] [RMI TCP Connection(17)-127.0.0.1] o.s.m.s.b.SimpleBrokerMessageHandler     : Stopped.
2025-08-20T20:54:31.879+05:30  INFO 436 --- [MainProject] [RMI TCP Connection(17)-127.0.0.1] j.LocalContainerEntityManagerFactoryBean : Closing JPA EntityManagerFactory for persistence unit 'default'
2025-08-20T20:54:31.895+05:30  INFO 436 --- [MainProject] [RMI TCP Connection(17)-127.0.0.1] com.zaxxer.hikari.HikariDataSource       : HikariPool-1 - Shutdown initiated...
2025-08-20T20:54:31.918+05:30  INFO 436 --- [MainProject] [RMI TCP Connection(17)-127.0.0.1] com.zaxxer.hikari.HikariDataSource       : HikariPool-1 - Shutdown completed.
2025-08-20T21:06:06.806+05:30  INFO 12064 --- [MainProject] [restartedMain] c.L.MainProject.MainProjectApplication   : Starting MainProjectApplication using Java 17.0.12 with PID 12064 (C:\Users\AMINA\Documents\Lost&Found\MainProject\target\classes started by AMINA in C:\Users\AMINA\Documents\Lost&Found\MainProject)
2025-08-20T21:06:06.810+05:30  INFO 12064 --- [MainProject] [restartedMain] c.L.MainProject.MainProjectApplication   : No active profile set, falling back to 1 default profile: "default"
2025-08-20T21:06:06.849+05:30  INFO 12064 --- [MainProject] [restartedMain] .e.DevToolsPropertyDefaultsPostProcessor : Devtools property defaults active! Set 'spring.devtools.add-properties' to 'false' to disable
2025-08-20T21:06:06.849+05:30  INFO 12064 --- [MainProject] [restartedMain] .e.DevToolsPropertyDefaultsPostProcessor : For additional web related logging consider setting the 'logging.level.web' property to 'DEBUG'
2025-08-20T21:06:07.438+05:30  INFO 12064 --- [MainProject] [restartedMain] .s.d.r.c.RepositoryConfigurationDelegate : Bootstrapping Spring Data JPA repositories in DEFAULT mode.
2025-08-20T21:06:07.497+05:30  INFO 12064 --- [MainProject] [restartedMain] .s.d.r.c.RepositoryConfigurationDelegate : Finished Spring Data repository scanning in 50 ms. Found 4 JPA repository interfaces.
2025-08-20T21:06:07.964+05:30  INFO 12064 --- [MainProject] [restartedMain] o.s.b.w.embedded.tomcat.TomcatWebServer  : Tomcat initialized with port 8080 (http)
2025-08-20T21:06:07.973+05:30  INFO 12064 --- [MainProject] [restartedMain] o.apache.catalina.core.StandardService   : Starting service [Tomcat]
2025-08-20T21:06:07.974+05:30  INFO 12064 --- [MainProject] [restartedMain] o.apache.catalina.core.StandardEngine    : Starting Servlet engine: [Apache Tomcat/10.1.40]
2025-08-20T21:06:08.011+05:30  INFO 12064 --- [MainProject] [restartedMain] o.a.c.c.C.[Tomcat].[localhost].[/]       : Initializing Spring embedded WebApplicationContext
2025-08-20T21:06:08.012+05:30  INFO 12064 --- [MainProject] [restartedMain] w.s.c.ServletWebServerApplicationContext : Root WebApplicationContext: initialization completed in 1163 ms
2025-08-20T21:06:08.123+05:30  INFO 12064 --- [MainProject] [restartedMain] o.hibernate.jpa.internal.util.LogHelper  : HHH000204: Processing PersistenceUnitInfo [name: default]
2025-08-20T21:06:08.172+05:30  INFO 12064 --- [MainProject] [restartedMain] org.hibernate.Version                    : HHH000412: Hibernate ORM core version 6.6.13.Final
2025-08-20T21:06:08.205+05:30  INFO 12064 --- [MainProject] [restartedMain] o.h.c.internal.RegionFactoryInitiator    : HHH000026: Second-level cache disabled
2025-08-20T21:06:08.447+05:30  INFO 12064 --- [MainProject] [restartedMain] o.s.o.j.p.SpringPersistenceUnitInfo      : No LoadTimeWeaver setup: ignoring JPA class transformer
2025-08-20T21:06:08.474+05:30  INFO 12064 --- [MainProject] [restartedMain] com.zaxxer.hikari.HikariDataSource       : HikariPool-1 - Starting...
2025-08-20T21:06:08.805+05:30  INFO 12064 --- [MainProject] [restartedMain] com.zaxxer.hikari.pool.HikariPool        : HikariPool-1 - Added connection com.mysql.cj.jdbc.ConnectionImpl@20eec2dd
2025-08-20T21:06:08.806+05:30  INFO 12064 --- [MainProject] [restartedMain] com.zaxxer.hikari.HikariDataSource       : HikariPool-1 - Start completed.
2025-08-20T21:06:08.855+05:30  WARN 12064 --- [MainProject] [restartedMain] org.hibernate.orm.deprecation            : HHH90000025: MySQL8Dialect does not need to be specified explicitly using 'hibernate.dialect' (remove the property setting and it will be selected by default)
2025-08-20T21:06:08.856+05:30  WARN 12064 --- [MainProject] [restartedMain] org.hibernate.orm.deprecation            : HHH90000026: MySQL8Dialect has been deprecated; use org.hibernate.dialect.MySQLDialect instead
2025-08-20T21:06:08.874+05:30  INFO 12064 --- [MainProject] [restartedMain] org.hibernate.orm.connections.pooling    : HHH10001005: Database info:
	Database JDBC URL [Connecting through datasource 'HikariDataSource (HikariPool-1)']
	Database driver: undefined/unknown
	Database version: 8.0
	Autocommit mode: undefined/unknown
	Isolation level: undefined/unknown
	Minimum pool size: undefined/unknown
	Maximum pool size: undefined/unknown
2025-08-20T21:06:09.915+05:30  INFO 12064 --- [MainProject] [restartedMain] o.h.e.t.j.p.i.JtaPlatformInitiator       : HHH000489: No JTA platform available (set 'hibernate.transaction.jta.platform' to enable JTA platform integration)
2025-08-20T21:06:10.058+05:30  INFO 12064 --- [MainProject] [restartedMain] j.LocalContainerEntityManagerFactoryBean : Initialized JPA EntityManagerFactory for persistence unit 'default'
2025-08-20T21:06:10.528+05:30  INFO 12064 --- [MainProject] [restartedMain] eAuthenticationProviderManagerConfigurer : Global AuthenticationManager configured with AuthenticationProvider bean with name daoAuthenticationProvider
2025-08-20T21:06:10.528+05:30  WARN 12064 --- [MainProject] [restartedMain] r$InitializeUserDetailsManagerConfigurer : Global AuthenticationManager configured with an AuthenticationProvider bean. UserDetailsService beans will not be used by Spring Security for automatically configuring username/password login. Consider removing the AuthenticationProvider bean. Alternatively, consider using the UserDetailsService in a manually instantiated DaoAuthenticationProvider. If the current configuration is intentional, to turn off this warning, increase the logging level of 'org.springframework.security.config.annotation.authentication.configuration.InitializeUserDetailsBeanManagerConfigurer' to ERROR
2025-08-20T21:06:10.775+05:30  WARN 12064 --- [MainProject] [restartedMain] JpaBaseConfiguration$JpaWebConfiguration : spring.jpa.open-in-view is enabled by default. Therefore, database queries may be performed during view rendering. Explicitly configure spring.jpa.open-in-view to disable this warning
2025-08-20T21:06:11.570+05:30  INFO 12064 --- [MainProject] [restartedMain] o.s.b.d.a.OptionalLiveReloadServer       : LiveReload server is running on port 35729
2025-08-20T21:06:11.602+05:30  INFO 12064 --- [MainProject] [restartedMain] o.s.m.s.b.SimpleBrokerMessageHandler     : Starting...
2025-08-20T21:06:11.602+05:30  INFO 12064 --- [MainProject] [restartedMain] o.s.m.s.b.SimpleBrokerMessageHandler     : BrokerAvailabilityEvent[available=true, SimpleBrokerMessageHandler [org.springframework.messaging.simp.broker.DefaultSubscriptionRegistry@552181b9]]
2025-08-20T21:06:11.603+05:30  INFO 12064 --- [MainProject] [restartedMain] o.s.m.s.b.SimpleBrokerMessageHandler     : Started.
2025-08-20T21:06:11.628+05:30  INFO 12064 --- [MainProject] [restartedMain] o.s.b.w.embedded.tomcat.TomcatWebServer  : Tomcat started on port 8080 (http) with context path '/'
2025-08-20T21:06:11.634+05:30  INFO 12064 --- [MainProject] [restartedMain] c.L.MainProject.MainProjectApplication   : Started MainProjectApplication in 5.129 seconds (process running for 5.535)
2025-08-20T21:07:00.687+05:30  INFO 12064 --- [MainProject] [http-nio-8080-exec-1] o.a.c.c.C.[Tomcat].[localhost].[/]       : Initializing Spring DispatcherServlet 'dispatcherServlet'
2025-08-20T21:07:00.689+05:30  INFO 12064 --- [MainProject] [http-nio-8080-exec-1] o.s.web.servlet.DispatcherServlet        : Initializing Servlet 'dispatcherServlet'
2025-08-20T21:07:00.701+05:30  INFO 12064 --- [MainProject] [http-nio-8080-exec-1] o.s.web.servlet.DispatcherServlet        : Completed initialization in 12 ms
2025-08-20T21:07:11.593+05:30  INFO 12064 --- [MainProject] [MessageBroker-1] o.s.w.s.c.WebSocketMessageBrokerStats    : WebSocketSession[0 current WS(0)-HttpStream(0)-HttpPoll(0), 0 total, 0 closed abnormally (0 connect failure, 0 send limit, 0 transport error)], stompSubProtocol[processed CONNECT(0)-CONNECTED(0)-DISCONNECT(0)], stompBrokerRelay[null], inboundChannel[pool size = 0, active threads = 0, queued tasks = 0, completed tasks = 0], outboundChannel[pool size = 0, active threads = 0, queued tasks = 0, completed tasks = 0], sockJsScheduler[pool size = 1, active threads = 1, queued tasks = 0, completed tasks = 0]
2025-08-20T21:12:12.318+05:30  INFO 12064 --- [MainProject] [RMI TCP Connection(10)-127.0.0.1] inMXBeanRegistrar$SpringApplicationAdmin : Application shutdown requested.
2025-08-20T21:12:12.374+05:30  INFO 12064 --- [MainProject] [RMI TCP Connection(10)-127.0.0.1] o.s.b.w.e.tomcat.GracefulShutdown        : Commencing graceful shutdown. Waiting for active requests to complete
2025-08-20T21:12:12.615+05:30  INFO 12064 --- [MainProject] [tomcat-shutdown] o.s.b.w.e.tomcat.GracefulShutdown        : Graceful shutdown complete
2025-08-20T21:12:12.625+05:30  INFO 12064 --- [MainProject] [RMI TCP Connection(10)-127.0.0.1] o.s.m.s.b.SimpleBrokerMessageHandler     : Stopping...
2025-08-20T21:12:12.626+05:30  INFO 12064 --- [MainProject] [RMI TCP Connection(10)-127.0.0.1] o.s.m.s.b.SimpleBrokerMessageHandler     : BrokerAvailabilityEvent[available=false, SimpleBrokerMessageHandler [org.springframework.messaging.simp.broker.DefaultSubscriptionRegistry@552181b9]]
2025-08-20T21:12:12.626+05:30  INFO 12064 --- [MainProject] [RMI TCP Connection(10)-127.0.0.1] o.s.m.s.b.SimpleBrokerMessageHandler     : Stopped.
2025-08-20T21:12:12.644+05:30  INFO 12064 --- [MainProject] [RMI TCP Connection(10)-127.0.0.1] j.LocalContainerEntityManagerFactoryBean : Closing JPA EntityManagerFactory for persistence unit 'default'
2025-08-20T21:12:12.679+05:30  INFO 12064 --- [MainProject] [RMI TCP Connection(10)-127.0.0.1] com.zaxxer.hikari.HikariDataSource       : HikariPool-1 - Shutdown initiated...
2025-08-20T21:12:12.717+05:30  INFO 12064 --- [MainProject] [RMI TCP Connection(10)-127.0.0.1] com.zaxxer.hikari.HikariDataSource       : HikariPool-1 - Shutdown completed.
